2023-09-17 20:36:49 [main] INFO  : Starting UsercrudoperationsApplication using Java 17.0.8 with PID 14480 (C:\workspace\usercrudoperations\target\classes started by aishu in C:\workspace\usercrudoperations)
2023-09-17 20:36:49 [main] INFO  : No active profile set, falling back to 1 default profile: "default"
2023-09-17 20:36:50 [main] INFO  : Bootstrapping Spring Data JPA repositories in DEFAULT mode.
2023-09-17 20:36:50 [main] INFO  : Finished Spring Data repository scanning in 32 ms. Found 1 JPA repository interfaces.
2023-09-17 20:36:50 [main] INFO  : Tomcat initialized with port(s): 8080 (http)
2023-09-17 20:36:50 [main] INFO  : Initializing ProtocolHandler ["http-nio-8080"]
2023-09-17 20:36:50 [main] INFO  : Starting service [Tomcat]
2023-09-17 20:36:50 [main] INFO  : Starting Servlet engine: [Apache Tomcat/10.1.12]
2023-09-17 20:36:50 [main] INFO  : Initializing Spring embedded WebApplicationContext
2023-09-17 20:36:50 [main] INFO  : Root WebApplicationContext: initialization completed in 795 ms
2023-09-17 20:36:50 [main] INFO  : HHH000204: Processing PersistenceUnitInfo [name: default]
2023-09-17 20:36:50 [main] INFO  : HHH000412: Hibernate ORM core version 6.2.7.Final
2023-09-17 20:36:50 [main] INFO  : HHH000406: Using bytecode reflection optimizer
2023-09-17 20:36:50 [main] INFO  : HHH000021: Bytecode provider name : bytebuddy
2023-09-17 20:36:51 [main] INFO  : No LoadTimeWeaver setup: ignoring JPA class transformer
2023-09-17 20:36:51 [main] INFO  : HikariPool-1 - Starting...
2023-09-17 20:36:51 [main] INFO  : HikariPool-1 - Added connection com.mysql.cj.jdbc.ConnectionImpl@7c0de229
2023-09-17 20:36:51 [main] INFO  : HikariPool-1 - Start completed.
2023-09-17 20:36:51 [main] INFO  : HHH000021: Bytecode provider name : bytebuddy
2023-09-17 20:36:51 [main] INFO  : HHH000490: Using JtaPlatform implementation: [org.hibernate.engine.transaction.jta.platform.internal.NoJtaPlatform]
2023-09-17 20:36:51 [main] INFO  : Initialized JPA EntityManagerFactory for persistence unit 'default'
2023-09-17 20:36:51 [main] WARN  : spring.jpa.open-in-view is enabled by default. Therefore, database queries may be performed during view rendering. Explicitly configure spring.jpa.open-in-view to disable this warning
2023-09-17 20:36:52 [main] INFO  : Starting ProtocolHandler ["http-nio-8080"]
2023-09-17 20:36:52 [main] INFO  : Tomcat started on port(s): 8080 (http) with context path ''
2023-09-17 20:36:52 [main] INFO  : Started UsercrudoperationsApplication in 2.611 seconds (process running for 3.232)
