2023-09-17 20:34:32 [main] INFO  : Starting UsercrudoperationsApplication using Java 17.0.8 with PID 6932 (C:\workspace\usercrudoperations\target\classes started by aishu in C:\workspace\usercrudoperations)
2023-09-17 20:34:32 [main] INFO  : No active profile set, falling back to 1 default profile: "default"
2023-09-17 20:34:33 [main] INFO  : Bootstrapping Spring Data JPA repositories in DEFAULT mode.
2023-09-17 20:34:33 [main] INFO  : Finished Spring Data repository scanning in 36 ms. Found 1 JPA repository interfaces.
2023-09-17 20:34:33 [main] INFO  : Tomcat initialized with port(s): 8080 (http)
2023-09-17 20:34:33 [main] INFO  : Initializing ProtocolHandler ["http-nio-8080"]
2023-09-17 20:34:33 [main] INFO  : Starting service [Tomcat]
2023-09-17 20:34:33 [main] INFO  : Starting Servlet engine: [Apache Tomcat/10.1.12]
2023-09-17 20:34:33 [main] INFO  : Initializing Spring embedded WebApplicationContext
2023-09-17 20:34:33 [main] INFO  : Root WebApplicationContext: initialization completed in 841 ms
2023-09-17 20:34:33 [main] INFO  : HHH000204: Processing PersistenceUnitInfo [name: default]
2023-09-17 20:34:33 [main] INFO  : HHH000412: Hibernate ORM core version 6.2.7.Final
2023-09-17 20:34:33 [main] INFO  : HHH000406: Using bytecode reflection optimizer
2023-09-17 20:34:33 [main] INFO  : HHH000021: Bytecode provider name : bytebuddy
2023-09-17 20:34:33 [main] INFO  : No LoadTimeWeaver setup: ignoring JPA class transformer
2023-09-17 20:34:33 [main] INFO  : HikariPool-1 - Starting...
2023-09-17 20:34:33 [main] INFO  : HikariPool-1 - Added connection com.mysql.cj.jdbc.ConnectionImpl@698f4aa
2023-09-17 20:34:33 [main] INFO  : HikariPool-1 - Start completed.
2023-09-17 20:34:34 [main] INFO  : HHH000021: Bytecode provider name : bytebuddy
2023-09-17 20:34:34 [main] INFO  : HHH000490: Using JtaPlatform implementation: [org.hibernate.engine.transaction.jta.platform.internal.NoJtaPlatform]
2023-09-17 20:34:34 [main] INFO  : Initialized JPA EntityManagerFactory for persistence unit 'default'
2023-09-17 20:34:34 [main] WARN  : spring.jpa.open-in-view is enabled by default. Therefore, database queries may be performed during view rendering. Explicitly configure spring.jpa.open-in-view to disable this warning
2023-09-17 20:34:34 [main] INFO  : Starting ProtocolHandler ["http-nio-8080"]
2023-09-17 20:34:34 [main] INFO  : Tomcat started on port(s): 8080 (http) with context path ''
2023-09-17 20:34:34 [main] INFO  : Started UsercrudoperationsApplication in 2.696 seconds (process running for 3.291)
2023-09-17 20:34:50 [http-nio-8080-exec-1] INFO  : Initializing Spring DispatcherServlet 'dispatcherServlet'
2023-09-17 20:34:50 [http-nio-8080-exec-1] INFO  : Initializing Servlet 'dispatcherServlet'
2023-09-17 20:34:50 [http-nio-8080-exec-1] INFO  : Completed initialization in 0 ms
2023-09-17 20:34:50 [http-nio-8080-exec-1] DEBUG : select u1_0.user_id,u1_0.age,u1_0.uname from user u1_0 where u1_0.user_id=?
2023-09-17 20:34:50 [http-nio-8080-exec-1] TRACE : binding parameter [1] as [INTEGER] - [52]
2023-09-17 20:35:20 [http-nio-8080-exec-3] INFO  : Inside CreateUser
2023-09-17 20:35:20 [http-nio-8080-exec-3] INFO  : Log level: INFO
2023-09-17 20:35:20 [http-nio-8080-exec-3] ERROR : Log level: ERROR
2023-09-17 20:35:20 [http-nio-8080-exec-3] WARN  : Log level: WARN
2023-09-17 20:35:20 [http-nio-8080-exec-3] DEBUG : select u1_0.user_id,u1_0.age,u1_0.uname from user u1_0 where u1_0.user_id=?
2023-09-17 20:35:20 [http-nio-8080-exec-3] TRACE : binding parameter [1] as [INTEGER] - [0]
2023-09-17 20:35:20 [http-nio-8080-exec-3] DEBUG : select next_val as id_val from user_seq for update
2023-09-17 20:35:20 [http-nio-8080-exec-3] DEBUG : update user_seq set next_val= ? where next_val=?
2023-09-17 20:35:20 [http-nio-8080-exec-3] DEBUG : insert into user (age,uname,user_id) values (?,?,?)
2023-09-17 20:35:20 [http-nio-8080-exec-3] TRACE : binding parameter [1] as [INTEGER] - [40]
2023-09-17 20:35:20 [http-nio-8080-exec-3] TRACE : binding parameter [2] as [VARCHAR] - [Sanjana]
2023-09-17 20:35:20 [http-nio-8080-exec-3] TRACE : binding parameter [3] as [INTEGER] - [502]
2023-09-17 20:35:20 [http-nio-8080-exec-3] INFO  : Existing CreateUser
2023-09-17 20:36:44 [RMI TCP Connection(4)-127.0.0.1] INFO  : Application shutdown requested.
2023-09-17 20:36:44 [RMI TCP Connection(4)-127.0.0.1] INFO  : Pausing ProtocolHandler ["http-nio-8080"]
2023-09-17 20:36:44 [RMI TCP Connection(4)-127.0.0.1] INFO  : Stopping service [Tomcat]
2023-09-17 20:36:44 [RMI TCP Connection(4)-127.0.0.1] INFO  : Destroying Spring FrameworkServlet 'dispatcherServlet'
2023-09-17 20:36:44 [RMI TCP Connection(4)-127.0.0.1] INFO  : Stopping ProtocolHandler ["http-nio-8080"]
2023-09-17 20:36:44 [RMI TCP Connection(4)-127.0.0.1] INFO  : Closing JPA EntityManagerFactory for persistence unit 'default'
2023-09-17 20:36:44 [RMI TCP Connection(4)-127.0.0.1] INFO  : HikariPool-1 - Shutdown initiated...
2023-09-17 20:36:44 [RMI TCP Connection(4)-127.0.0.1] INFO  : HikariPool-1 - Shutdown completed.
